2013-10-26 02:51:37 Error: [MissingControllerException] Controller class InterventionsController could not be found.
Exception Attributes: array (
  'class' => 'InterventionsController',
  'plugin' => NULL,
)
Request URL: /interwencje/
Stack Trace:
#0 /MAMP/interwencje/app/webroot/index.php(110): Dispatcher->dispatch(Object(CakeRequest), Object(CakeResponse))
#1 /MAMP/interwencje/index.php(43): require('/MAMP/interwenc...')
#2 {main}
2013-10-26 02:52:00 Error: [MissingViewException] View file "/MAMP/interwencje/app/View/Interventions/index.ctp" is missing.
Exception Attributes: array (
  'file' => '/MAMP/interwencje/app/View/Interventions/index.ctp',
)
Request URL: /interwencje/
Stack Trace:
#0 /MAMP/interwencje/lib/Cake/View/View.php(459): View->_getViewFileName(NULL)
#1 /MAMP/interwencje/lib/Cake/Controller/Controller.php(952): View->render(NULL, NULL)
#2 /MAMP/interwencje/lib/Cake/Routing/Dispatcher.php(194): Controller->render()
#3 /MAMP/interwencje/lib/Cake/Routing/Dispatcher.php(162): Dispatcher->_invoke(Object(InterventionsController), Object(CakeRequest), Object(CakeResponse))
#4 /MAMP/interwencje/app/webroot/index.php(110): Dispatcher->dispatch(Object(CakeRequest), Object(CakeResponse))
#5 /MAMP/interwencje/index.php(43): require('/MAMP/interwenc...')
#6 {main}
2013-10-26 02:58:38 Error: Fatal Error (4): syntax error, unexpected ';' in [/MAMP/interwencje/app/View/Interventions/edit.ctp, line 1]
2013-10-26 02:58:38 Error: [FatalErrorException] syntax error, unexpected ';'
Request URL: /interwencje/interventions/edit/1
Stack Trace:
#0 /MAMP/interwencje/lib/Cake/Error/ErrorHandler.php(205): ErrorHandler::handleFatalError(4, 'syntax error, u...', '/MAMP/interwenc...', 1)
#1 [internal function]: ErrorHandler::handleError(4, 'syntax error, u...', '/MAMP/interwenc...', 1, Array)
#2 /MAMP/interwencje/lib/Cake/Core/App.php(931): call_user_func('ErrorHandler::h...', 4, 'syntax error, u...', '/MAMP/interwenc...', 1, Array)
#3 /MAMP/interwencje/lib/Cake/Core/App.php(904): App::_checkFatalError()
#4 [internal function]: App::shutdown()
#5 {main}
